<?xml version="1.0" encoding="UTF-8"?>
<testsuite xmlns:xsi="http://www.w3.org/2001/XMLSchema-instance" xsi:noNamespaceSchemaLocation="https://maven.apache.org/surefire/maven-surefire-plugin/xsd/surefire-test-report.xsd" name="ListImplementationTest" time="0.066" tests="8" errors="0" skipped="0" failures="0">
  <properties>
    <property name="sun.desktop" value="windows"/>
    <property name="awt.toolkit" value="sun.awt.windows.WToolkit"/>
    <property name="java.specification.version" value="11"/>
    <property name="sun.cpu.isalist" value="amd64"/>
    <property name="sun.jnu.encoding" value="Cp1251"/>
    <property name="java.class.path" value="C:\Users\genne\Desktop\UniRepos\JavaUniHomeWork\HomeWork3\List_Core\target\test-classes;C:\Users\genne\Desktop\UniRepos\JavaUniHomeWork\HomeWork3\List_Core\target\classes;C:\Users\genne\Desktop\UniRepos\JavaUniHomeWork\HomeWork3\List_Interfaces\target\List_Interfaces-1.0-SNAPSHOT.jar;C:\Users\genne\.m2\repository\junit\junit\4.11\junit-4.11.jar;C:\Users\genne\.m2\repository\org\hamcrest\hamcrest-core\1.3\hamcrest-core-1.3.jar;"/>
    <property name="java.vm.vendor" value="JetBrains s.r.o"/>
    <property name="sun.arch.data.model" value="64"/>
    <property name="user.variant" value=""/>
    <property name="java.vendor.url" value="https://www.jetbrains.com/"/>
    <property name="user.timezone" value="Europe/Moscow"/>
    <property name="java.vm.specification.version" value="11"/>
    <property name="os.name" value="Windows 10"/>
    <property name="sun.java.launcher" value="SUN_STANDARD"/>
    <property name="user.country" value="RU"/>
    <property name="sun.boot.library.path" value="C:\Program Files\JetBrains\IntelliJ IDEA Community Edition 2019.3.3\jbr\bin"/>
    <property name="sun.java.command" value="C:\Users\genne\AppData\Local\Temp\surefire2728664987327945740\surefirebooter5113477401948001625.jar C:\Users\genne\AppData\Local\Temp\surefire2728664987327945740 2020-02-23T22-01-22_167-jvmRun1 surefire5296011236617315320tmp surefire_03800237426380684935tmp"/>
    <property name="jdk.debug" value="release"/>
    <property name="surefire.test.class.path" value="C:\Users\genne\Desktop\UniRepos\JavaUniHomeWork\HomeWork3\List_Core\target\test-classes;C:\Users\genne\Desktop\UniRepos\JavaUniHomeWork\HomeWork3\List_Core\target\classes;C:\Users\genne\Desktop\UniRepos\JavaUniHomeWork\HomeWork3\List_Interfaces\target\List_Interfaces-1.0-SNAPSHOT.jar;C:\Users\genne\.m2\repository\junit\junit\4.11\junit-4.11.jar;C:\Users\genne\.m2\repository\org\hamcrest\hamcrest-core\1.3\hamcrest-core-1.3.jar;"/>
    <property name="sun.cpu.endian" value="little"/>
    <property name="user.home" value="C:\Users\genne"/>
    <property name="user.language" value="ru"/>
    <property name="java.specification.vendor" value="Oracle Corporation"/>
    <property name="java.version.date" value="2019-10-15"/>
    <property name="java.home" value="C:\Program Files\JetBrains\IntelliJ IDEA Community Edition 2019.3.3\jbr"/>
    <property name="file.separator" value="\"/>
    <property name="basedir" value="C:\Users\genne\Desktop\UniRepos\JavaUniHomeWork\HomeWork3\List_Core"/>
    <property name="java.vm.compressedOopsMode" value="32-bit"/>
    <property name="line.separator" value="&#10;"/>
    <property name="java.specification.name" value="Java Platform API Specification"/>
    <property name="java.vm.specification.vendor" value="Oracle Corporation"/>
    <property name="java.awt.graphicsenv" value="sun.awt.Win32GraphicsEnvironment"/>
    <property name="surefire.real.class.path" value="C:\Users\genne\AppData\Local\Temp\surefire2728664987327945740\surefirebooter5113477401948001625.jar"/>
    <property name="user.script" value=""/>
    <property name="sun.management.compiler" value="HotSpot 64-Bit Tiered Compilers"/>
    <property name="java.runtime.version" value="11.0.5+10-b520.38"/>
    <property name="user.name" value="genne"/>
    <property name="path.separator" value=";"/>
    <property name="os.version" value="10.0"/>
    <property name="java.runtime.name" value="OpenJDK Runtime Environment"/>
    <property name="file.encoding" value="Cp1251"/>
    <property name="java.vm.name" value="OpenJDK 64-Bit Server VM"/>
    <property name="localRepository" value="C:\Users\genne\.m2\repository"/>
    <property name="java.vendor.url.bug" value="https://youtrack.jetbrains.com"/>
    <property name="java.io.tmpdir" value="C:\Users\genne\AppData\Local\Temp\"/>
    <property name="java.version" value="11.0.5"/>
    <property name="user.dir" value="C:\Users\genne\Desktop\UniRepos\JavaUniHomeWork\HomeWork3\List_Core"/>
    <property name="os.arch" value="amd64"/>
    <property name="java.vm.specification.name" value="Java Virtual Machine Specification"/>
    <property name="java.awt.printerjob" value="sun.awt.windows.WPrinterJob"/>
    <property name="sun.os.patch.level" value=""/>
    <property name="idea.version2019.3.3" value="true"/>
    <property name="java.library.path" value="C:\Program Files\JetBrains\IntelliJ IDEA Community Edition 2019.3.3\jbr\bin;C:\Windows\Sun\Java\bin;C:\Windows\system32;C:\Windows;C:\ProgramData\Oracle\Java\javapath;C:\Program Files\Microsoft MPI\Bin\;C:\Windows\system32;C:\Windows;C:\Windows\System32\Wbem;C:\Windows\System32\WindowsPowerShell\v1.0\;C:\Windows\System32\OpenSSH\;C:\Program Files\NVIDIA Corporation\NVIDIA NvDLISR;C:\Program Files (x86)\NVIDIA Corporation\PhysX\Common;C:\Program Files\dotnet\;C:\Program Files\Microsoft SQL Server\130\Tools\Binn\;C:\Program Files\Microsoft SQL Server\Client SDK\ODBC\170\Tools\Binn\;C:\Program Files\Git\cmd;C:\Program Files (x86)\Microsoft SQL Server\140\Tools\Binn\;C:\Program Files\Microsoft SQL Server\140\Tools\Binn\;C:\Program Files (x86)\Microsoft SQL Server\140\DTS\Binn\;C:\Program Files\Microsoft SQL Server\140\DTS\Binn\;C:\Program Files\Microsoft SQL Server\Client SDK\ODBC\130\Tools\Binn\;C:\Program Files (x86)\Microsoft SQL Server\150\DTS\Binn\;C:\Users\genne\Anaconda3;C:\Users\genne\Anaconda3\Library\mingw-w64\bin;C:\Users\genne\Anaconda3\Library\usr\bin;C:\Users\genne\Anaconda3\Library\bin;C:\Users\genne\Anaconda3\Scripts;C:\Users\genne\AppData\Local\Microsoft\WindowsApps;C:\Program Files\JetBrains\WebStorm 2019.1.3\bin;C:\Users\genne\AppData\Local\Programs\Microsoft VS Code\bin;C:\Users\genne\AppData\Local\GitHubDesktop\bin;C:\Users\genne\.dotnet\tools;C:\Program Files\JetBrains\PyCharm Community Edition 2019.2.2\bin;;C:\Program Files\JetBrains\IntelliJ IDEA Community Edition 2019.3.3\bin;;."/>
    <property name="java.vendor" value="JetBrains s.r.o"/>
    <property name="java.vm.info" value="mixed mode, sharing"/>
    <property name="java.vm.version" value="11.0.5+10-b520.38"/>
    <property name="sun.io.unicode.encoding" value="UnicodeLittle"/>
    <property name="java.class.version" value="55.0"/>
  </properties>
  <testcase name="insert" classname="ListImplementationTest" time="0.005"/>
  <testcase name="remove" classname="ListImplementationTest" time="0"/>
  <testcase name="getElement" classname="ListImplementationTest" time="0"/>
  <testcase name="add" classname="ListImplementationTest" time="0"/>
  <testcase name="size" classname="ListImplementationTest" time="0"/>
  <testcase name="setElement" classname="ListImplementationTest" time="0"/>
  <testcase name="TestArrayLengthIncrement" classname="ListImplementationTest" time="0"/>
  <testcase name="checkIndexRange" classname="ListImplementationTest" time="0.001"/>
</testsuite>